<?xml version="1.0" encoding="UTF-8"?>
<!-- Generated by org.testng.reporters.JUnitReportReporter -->
<testsuite hostname="mine" failures="0" tests="1" name="test.com.itexps.CalculatorTest" time="0.007" errors="0" timestamp="3 Sep 2024 16:34:23 GMT">
  <testcase classname="test.com.itexps.CalculatorTest" name="testAdd" time="0.007"/>
</testsuite> <!-- test.com.itexps.CalculatorTest -->
